G92X0Y0
F1400
M5S0
G0X0Y21.5
 S0
M3
G1X0.5 S282
G1X1 S329
G1X1.5 S329
G1X2 S329
G1X2.5 S329
G1X3 S329
G1X3.5 S329
G1X4 S282
G1X4.5 S329
G1X5 S329
G1X5.5 S329
G1X6 S329
G1X6.5 S282
G1X7 S329
G1X7.5 S329
G1X8 S329
G1X8.5 S282
G1X9 S329
G1X9.5 S329
G1X10 S282
G1X10.5 S329
G1X11 S329
G1X11.5 S282
G1X12 S329
G1X12.5 S282
G1X13 S329
G1X13.5 S282
G1X14 S329
G1X14.5 S329
G1X15 S329
G1X15.5 S329
G1X16 S329
G1X16.5 S329
G1X17 S329
G1X17.5 S329
G1X18 S329
G1X18.5 S329
G1X19 S282
G1X19.5 S329
G1X20 S329
G1X20.5 S329
G1X21 S329
G1X21.5 S329
G1X22 S329
G1X22.5 S329
G1X23 S329
G1X23.5 S329
G1X24 S282
G1X24.5 S329
G1X25 S329
G1X25.5 S329
G1X26 S329
G1X26.5 S329
G1X27 S282
G1X27.5 S329
G1X28 S329
G1X28.5 S329
G1X29 S282
G1X29.5 S282
G1X30 S282
G1X30.5 S282
G1X31 S329
G1X31.5 S329
G1X32 S329
G1X32.5 S329
G1X33 S329
G1X33.5 S329
G1X34 S282
G1X34.5 S282
G1X35 S282
G1X35.5 S282
G1X36 S329
G1X36.5 S329
G1X37 S329
G1X37.5 S329
G1X38 S329
G1X38.5 S329
G1X39 S282
G1X39.5 S282
G1X40 S282
G1X40.5 S282
G1X41 S329
G1X41.5 S329
G1X42 S329
G1X42.5 S329
G1X43 S329
G1X43.5 S329
G1X44 S282
G1X44.5 S282
G1X45 S282
G1X45.5 S282
G1X46 S329
G1X46.5 S329
G1X47 S329
G1X47.5 S329
G1X48 S329
G1X48.5 S329
G1X49 S282
G1X49.5 S282
G1X50 S2635
M5S0
G0X0Y21
 S0
M3
G1X0.5 S329
G1X1 S282
G1X1.5 S329
G1X2 S329
G1X2.5 S329
G1X3 S329
G1X3.5 S329
G1X4 S329
G1X4.5 S282
G1X5 S329
G1X5.5 S329
G1X6 S329
G1X6.5 S329
G1X7 S282
G1X7.5 S282
G1X8 S329
G1X8.5 S282
G1X9 S329
G1X9.5 S329
G1X10 S329
G1X10.5 S329
G1X11 S329
G1X11.5 S329
G1X12 S329
G1X12.5 S329
G1X13 S329
G1X13.5 S282
G1X14 S329
G1X14.5 S329
G1X15 S282
G1X15.5 S329
G1X16 S329
G1X16.5 S329
G1X17 S282
G1X17.5 S329
G1X18 S329
G1X18.5 S329
G1X19 S329
G1X19.5 S329
G1X20 S282
G1X20.5 S329
G1X21 S329
G1X21.5 S329
G1X22 S282
G1X22.5 S329
G1X23 S329
G1X23.5 S329
G1X24 S329
G1X24.5 S282
G1X25 S282
G1X25.5 S329
G1X26 S329
G1X26.5 S329
G1X27 S329
G1X27.5 S329
G1X28 S329
G1X28.5 S329
G1X29 S329
G1X29.5 S282
G1X30 S282
G1X30.5 S282
G1X31 S329
G1X31.5 S329
G1X32 S329
G1X32.5 S329
G1X33 S329
G1X33.5 S329
G1X34 S329
G1X34.5 S282
G1X35 S282
G1X35.5 S282
G1X36 S329
G1X36.5 S329
G1X37 S329
G1X37.5 S329
G1X38 S329
G1X38.5 S329
G1X39 S329
G1X39.5 S282
G1X40 S282
G1X40.5 S282
G1X41 S329
G1X41.5 S329
G1X42 S329
G1X42.5 S329
G1X43 S329
G1X43.5 S329
G1X44 S329
G1X44.5 S282
G1X45 S282
G1X45.5 S282
G1X46 S329
G1X46.5 S329
G1X47 S329
G1X47.5 S329
G1X48 S329
G1X48.5 S329
G1X49 S329
G1X49.5 S282
G1X50 S2635
M5S0
G0X0Y20.5
 S0
M3
G1X0.5 S329
G1X1 S329
G1X1.5 S329
G1X2 S329
G1X2.5 S329
G1X3 S329
G1X3.5 S329
G1X4 S329
G1X4.5 S329
G1X5 S329
G1X5.5 S329
G1X6 S329
G1X6.5 S329
G1X7 S282
G1X7.5 S329
G1X8 S329
G1X8.5 S329
G1X9 S329
G1X9.5 S329
G1X10 S329
G1X10.5 S329
G1X11 S329
G1X11.5 S282
G1X12 S282
G1X12.5 S282
G1X13 S329
G1X13.5 S329
G1X14 S329
G1X14.5 S329
G1X15 S282
G1X15.5 S329
G1X16 S329
G1X16.5 S329
G1X17 S329
G1X17.5 S329
G1X18 S329
G1X18.5 S329
G1X19 S329
G1X19.5 S329
G1X20 S282
G1X20.5 S329
G1X21 S329
G1X21.5 S329
G1X22 S329
G1X22.5 S329
G1X23 S329
G1X23.5 S329
G1X24 S329
G1X24.5 S329
G1X25 S282
G1X25.5 S329
G1X26 S329
G1X26.5 S329
G1X27 S329
G1X27.5 S329
G1X28 S329
G1X28.5 S282
G1X29 S282
G1X29.5 S329
G1X30 S282
G1X30.5 S282
G1X31 S329
G1X31.5 S329
G1X32 S329
G1X32.5 S329
G1X33 S329
G1X33.5 S282
G1X34 S282
G1X34.5 S329
G1X35 S282
G1X35.5 S282
G1X36 S329
G1X36.5 S329
G1X37 S329
G1X37.5 S329
G1X38 S329
G1X38.5 S282
G1X39 S282
G1X39.5 S329
G1X40 S282
G1X40.5 S282
G1X41 S329
G1X41.5 S329
G1X42 S329
G1X42.5 S329
G1X43 S329
G1X43.5 S282
G1X44 S282
G1X44.5 S329
G1X45 S282
G1X45.5 S282
G1X46 S329
G1X46.5 S329
G1X47 S329
G1X47.5 S329
G1X48 S329
G1X48.5 S329
G1X49 S282
G1X49.5 S329
G1X50 S2635
M5S0
G0X0Y20
 S0
M3
G1X0.5 S329
G1X1 S329
G1X1.5 S329
G1X2 S329
G1X2.5 S329
G1X3 S329
G1X3.5 S329
G1X4 S329
G1X4.5 S329
G1X5 S329
G1X5.5 S329
G1X6 S329
G1X6.5 S329
G1X7 S329
G1X7.5 S282
G1X8 S282
G1X8.5 S329
G1X9 S329
G1X9.5 S282
G1X10 S329
G1X10.5 S329
G1X11 S282
G1X11.5 S282
G1X12 S329
G1X12.5 S329
G1X13 S282
G1X13.5 S329
G1X14 S329
G1X14.5 S329
G1X15 S329
G1X15.5 S329
G1X16 S329
G1X16.5 S329
G1X17 S329
G1X17.5 S329
G1X18 S329
G1X18.5 S329
G1X19 S329
G1X19.5 S329
G1X20 S329
G1X20.5 S329
G1X21 S329
G1X21.5 S329
G1X22 S329
G1X22.5 S329
G1X23 S329
G1X23.5 S329
G1X24 S329
G1X24.5 S329
G1X25 S329
G1X25.5 S329
G1X26 S329
G1X26.5 S329
G1X27 S329
G1X27.5 S329
G1X28 S329
G1X28.5 S329
G1X29 S329
G1X29.5 S329
G1X30 S329
G1X30.5 S329
G1X31 S329
G1X31.5 S329
G1X32 S329
G1X32.5 S329
G1X33 S329
G1X33.5 S329
G1X34 S329
G1X34.5 S329
G1X35 S329
G1X35.5 S329
G1X36 S329
G1X36.5 S329
G1X37 S329
G1X37.5 S329
G1X38 S329
G1X38.5 S329
G1X39 S329
G1X39.5 S329
G1X40 S329
G1X40.5 S329
G1X41 S329
G1X41.5 S329
G1X42 S329
G1X42.5 S329
G1X43 S329
G1X43.5 S329
G1X44 S329
G1X44.5 S329
G1X45 S329
G1X45.5 S329
G1X46 S329
G1X46.5 S329
G1X47 S329
G1X47.5 S329
G1X48 S329
G1X48.5 S282
G1X49 S329
G1X49.5 S329
G1X50 S2635
M5S0
G0X0Y19.5
 S0
M3
G1X0.5 S329
G1X1 S329
G1X1.5 S329
G1X2 S329
G1X2.5 S282
G1X3 S329
G1X3.5 S329
G1X4 S329
G1X4.5 S329
G1X5 S329
G1X5.5 S329
G1X6 S329
G1X6.5 S282
G1X7 S329
G1X7.5 S282
G1X8 S329
G1X8.5 S329
G1X9 S282
G1X9.5 S282
G1X10 S329
G1X10.5 S329
G1X11 S329
G1X11.5 S329
G1X12 S282
G1X12.5 S282
G1X13 S329
G1X13.5 S329
G1X14 S282
G1X14.5 S329
G1X15 S329
G1X15.5 S329
G1X16 S329
G1X16.5 S329
G1X17 S282
G1X17.5 S282
G1X18 S329
G1X18.5 S282
G1X19 S282
G1X19.5 S329
G1X20 S329
G1X20.5 S329
G1X21 S329
G1X21.5 S329
G1X22 S282
G1X22.5 S282
G1X23 S329
G1X23.5 S282
G1X24 S282
G1X24.5 S282
G1X25 S329
G1X25.5 S329
G1X26 S329
G1X26.5 S329
G1X27 S329
G1X27.5 S282
G1X28 S329
G1X28.5 S329
G1X29 S329
G1X29.5 S282
G1X30 S282
G1X30.5 S282
G1X31 S329
G1X31.5 S329
G1X32 S282
G1X32.5 S282
G1X33 S329
G1X33.5 S329
G1X34 S329
G1X34.5 S282
G1X35 S282
G1X35.5 S282
G1X36 S329
G1X36.5 S329
G1X37 S282
G1X37.5 S282
G1X38 S329
G1X38.5 S329
G1X39 S329
G1X39.5 S282
G1X40 S282
G1X40.5 S282
G1X41 S329
G1X41.5 S329
G1X42 S282
G1X42.5 S282
G1X43 S329
G1X43.5 S329
G1X44 S329
G1X44.5 S282
G1X45 S282
G1X45.5 S282
G1X46 S329
G1X46.5 S329
G1X47 S282
G1X47.5 S282
G1X48 S329
G1X48.5 S329
G1X49 S329
G1X49.5 S282
G1X50 S2635
M5S0
G0X0Y19
 S0
M3
G1X0.5 S329
G1X1 S329
G1X1.5 S329
G1X2 S329
G1X2.5 S329
G1X3 S329
G1X3.5 S282
G1X4 S329
G1X4.5 S282
G1X5 S329
G1X5.5 S329
G1X6 S329
G1X6.5 S329
G1X7 S329
G1X7.5 S329
G1X8 S329
G1X8.5 S282
G1X9 S329
G1X9.5 S329
G1X10 S329
G1X10.5 S329
G1X11 S329
G1X11.5 S282
G1X12 S329
G1X12.5 S329
G1X13 S329
G1X13.5 S282
G1X14 S329
G1X14.5 S329
G1X15 S329
G1X15.5 S329
G1X16 S329
G1X16.5 S282
G1X17 S282
G1X17.5 S329
G1X18 S329
G1X18.5 S329
G1X19 S329
G1X19.5 S329
G1X20 S329
G1X20.5 S329
G1X21 S329
G1X21.5 S517
G1X22 S517
G1X22.5 S329
G1X23 S329
G1X23.5 S329
G1X24 S329
G1X24.5 S282
G1X25 S329
G1X25.5 S329
G1X26 S329
G1X26.5 S282
G1X27 S329
G1X27.5 S329
G1X28 S329
G1X28.5 S329
G1X29 S329
G1X29.5 S282
G1X30 S329
G1X30.5 S282
G1X31 S329
G1X31.5 S282
G1X32 S329
G1X32.5 S329
G1X33 S329
G1X33.5 S329
G1X34 S329
G1X34.5 S282
G1X35 S329
G1X35.5 S282
G1X36 S329
G1X36.5 S282
G1X37 S329
G1X37.5 S329
G1X38 S329
G1X38.5 S329
G1X39 S329
G1X39.5 S282
G1X40 S329
G1X40.5 S282
G1X41 S329
G1X41.5 S282
G1X42 S329
G1X42.5 S329
G1X43 S329
G1X43.5 S329
G1X44 S329
G1X44.5 S282
G1X45 S329
G1X45.5 S282
G1X46 S329
G1X46.5 S282
G1X47 S329
G1X47.5 S329
G1X48 S329
G1X48.5 S329
G1X49 S329
G1X49.5 S282
G1X50 S2635
M5S0
G0X0Y18.5
 S0
M3
G1X0.5 S329
G1X1 S329
G1X1.5 S329
G1X2 S329
G1X2.5 S329
G1X3 S329
G1X3.5 S282
G1X4 S329
G1X4.5 S329
G1X5 S329
G1X5.5 S329
G1X6 S329
G1X6.5 S329
G1X7 S329
G1X7.5 S329
G1X8 S329
G1X8.5 S282
G1X9 S282
G1X9.5 S329
G1X10 S329
G1X10.5 S329
G1X11 S329
G1X11.5 S329
G1X12 S329
G1X12.5 S329
G1X13 S329
G1X13.5 S282
G1X14 S282
G1X14.5 S329
G1X15 S329
G1X15.5 S329
G1X16 S329
G1X16.5 S329
G1X17 S282
G1X17.5 S329
G1X18 S329
G1X18.5 S423
G1X19 S611
G1X19.5 S752
G1X20 S894
G1X20.5 S1741
G1X21 S2117
G1X21.5 S1364
G1X22 S894
G1X22.5 S329
G1X23 S329
G1X23.5 S282
G1X24 S282
G1X24.5 S329
G1X25 S329
G1X25.5 S329
G1X26 S329
G1X26.5 S329
G1X27 S329
G1X27.5 S329
G1X28 S329
G1X28.5 S329
G1X29 S282
G1X29.5 S329
G1X30 S329
G1X30.5 S329
G1X31 S329
G1X31.5 S329
G1X32 S329
G1X32.5 S329
G1X33 S329
G1X33.5 S329
G1X34 S282
G1X34.5 S329
G1X35 S329
G1X35.5 S329
G1X36 S329
G1X36.5 S329
G1X37 S329
G1X37.5 S329
G1X38 S329
G1X38.5 S329
G1X39 S282
G1X39.5 S329
G1X40 S329
G1X40.5 S329
G1X41 S329
G1X41.5 S329
G1X42 S329
G1X42.5 S329
G1X43 S329
G1X43.5 S329
G1X44 S282
G1X44.5 S329
G1X45 S329
G1X45.5 S329
G1X46 S329
G1X46.5 S329
G1X47 S329
G1X47.5 S329
G1X48 S329
G1X48.5 S282
G1X49 S282
G1X49.5 S329
G1X50 S2635
M5S0
G0X0Y18
 S0
M3
G1X0.5 S329
G1X1 S329
G1X1.5 S329
G1X2 S329
G1X2.5 S282
G1X3 S329
G1X3.5 S329
G1X4 S329
G1X4.5 S329
G1X5 S329
G1X5.5 S329
G1X6 S282
G1X6.5 S282
G1X7 S329
G1X7.5 S282
G1X8 S329
G1X8.5 S282
G1X9 S329
G1X9.5 S329
G1X10 S329
G1X10.5 S329
G1X11 S329
G1X11.5 S282
G1X12 S282
G1X12.5 S329
G1X13 S329
G1X13.5 S282
G1X14 S329
G1X14.5 S282
G1X15 S329
G1X15.5 S282
G1X16 S517
G1X16.5 S611
G1X17 S752
G1X17.5 S941
G1X18 S1035
G1X18.5 S1270
G1X19 S1364
G1X19.5 S1270
G1X20 S2070
G1X20.5 S3388
G1X21 S4094
G1X21.5 S2870
G1X22 S847
G1X22.5 S329
G1X23 S329
G1X23.5 S329
G1X24 S282
G1X24.5 S329
G1X25 S329
G1X25.5 S282
G1X26 S282
G1X26.5 S329
G1X27 S282
G1X27.5 S329
G1X28 S329
G1X28.5 S282
G1X29 S329
G1X29.5 S329
G1X30 S329
G1X30.5 S329
G1X31 S282
G1X31.5 S282
G1X32 S282
G1X32.5 S329
G1X33 S329
G1X33.5 S282
G1X34 S329
G1X34.5 S329
G1X35 S329
G1X35.5 S329
G1X36 S282
G1X36.5 S282
G1X37 S282
G1X37.5 S329
G1X38 S329
G1X38.5 S282
G1X39 S329
G1X39.5 S329
G1X40 S329
G1X40.5 S329
G1X41 S282
G1X41.5 S282
G1X42 S282
G1X42.5 S329
G1X43 S329
G1X43.5 S282
G1X44 S329
G1X44.5 S329
G1X45 S329
G1X45.5 S329
G1X46 S282
G1X46.5 S282
G1X47 S282
G1X47.5 S329
G1X48 S329
G1X48.5 S329
G1X49 S329
G1X49.5 S329
G1X50 S2635
M5S0
G0X0Y17.5
 S0
M3
G1X0.5 S329
G1X1 S282
G1X1.5 S329
G1X2 S329
G1X2.5 S329
G1X3 S329
G1X3.5 S329
G1X4 S329
G1X4.5 S329
G1X5 S329
G1X5.5 S282
G1X6 S329
G1X6.5 S329
G1X7 S329
G1X7.5 S329
G1X8 S282
G1X8.5 S329
G1X9 S329
G1X9.5 S329
G1X10 S329
G1X10.5 S329
G1X11 S329
G1X11.5 S329
G1X12 S329
G1X12.5 S329
G1X13 S282
G1X13.5 S611
G1X14 S1035
G1X14.5 S1317
G1X15 S1176
G1X15.5 S941
G1X16 S1223
G1X16.5 S1270
G1X17 S1223
G1X17.5 S1223
G1X18 S1270
G1X18.5 S1317
G1X19 S1270
G1X19.5 S1976
G1X20 S3294
G1X20.5 S3717
G1X21 S4188
G1X21.5 S4423
G1X22 S1223
G1X22.5 S329
G1X23 S329
G1X23.5 S329
G1X24 S329
G1X24.5 S329
G1X25 S282
G1X25.5 S329
G1X26 S282
G1X26.5 S329
G1X27 S329
G1X27.5 S329
G1X28 S329
G1X28.5 S329
G1X29 S329
G1X29.5 S329
G1X30 S282
G1X30.5 S329
G1X31 S282
G1X31.5 S329
G1X32 S329
G1X32.5 S329
G1X33 S329
G1X33.5 S329
G1X34 S329
G1X34.5 S329
G1X35 S282
G1X35.5 S329
G1X36 S282
G1X36.5 S329
G1X37 S329
G1X37.5 S329
G1X38 S329
G1X38.5 S329
G1X39 S329
G1X39.5 S329
G1X40 S282
G1X40.5 S329
G1X41 S282
G1X41.5 S329
G1X42 S329
G1X42.5 S329
G1X43 S329
G1X43.5 S329
G1X44 S329
G1X44.5 S329
G1X45 S282
G1X45.5 S329
G1X46 S282
G1X46.5 S329
G1X47 S329
G1X47.5 S329
G1X48 S329
G1X48.5 S329
G1X49 S329
G1X49.5 S329
G1X50 S2635
M5S0
G0X0Y17
 S0
M3
G1X0.5 S329
G1X1 S329
G1X1.5 S329
G1X2 S329
G1X2.5 S329
G1X3 S329
G1X3.5 S329
G1X4 S329
G1X4.5 S329
G1X5 S282
G1X5.5 S282
G1X6 S329
G1X6.5 S329
G1X7 S329
G1X7.5 S329
G1X8 S329
G1X8.5 S282
G1X9 S329
G1X9.5 S329
G1X10 S329
G1X10.5 S329
G1X11 S470
G1X11.5 S611
G1X12 S894
G1X12.5 S1647
G1X13 S658
G1X13.5 S1082
G1X14 S2117
G1X14.5 S2164
G1X15 S2164
G1X15.5 S2070
G1X16 S1929
G1X16.5 S1694
G1X17 S1741
G1X17.5 S1788
G1X18 S1647
G1X18.5 S1505
G1X19 S2258
G1X19.5 S3670
G1X20 S4047
G1X20.5 S4423
G1X21 S4800
G1X21.5 S4705
G1X22 S2258
G1X22.5 S329
G1X23 S329
G1X23.5 S329
G1X24 S329
G1X24.5 S329
G1X25 S329
G1X25.5 S329
G1X26 S329
G1X26.5 S329
G1X27 S329
G1X27.5 S329
G1X28 S329
G1X28.5 S329
G1X29 S329
G1X29.5 S329
G1X30 S329
G1X30.5 S329
G1X31 S329
G1X31.5 S329
G1X32 S329
G1X32.5 S329
G1X33 S329
G1X33.5 S329
G1X34 S329
G1X34.5 S329
G1X35 S329
G1X35.5 S329
G1X36 S329
G1X36.5 S329
G1X37 S329
G1X37.5 S329
G1X38 S329
G1X38.5 S329
G1X39 S329
G1X39.5 S282
G1X40 S282
G1X40.5 S329
G1X41 S329
G1X41.5 S329
G1X42 S329
G1X42.5 S329
G1X43 S329
G1X43.5 S329
G1X44 S329
G1X44.5 S282
G1X45 S282
G1X45.5 S329
G1X46 S329
G1X46.5 S329
G1X47 S329
G1X47.5 S329
G1X48 S329
G1X48.5 S329
G1X49 S329
G1X49.5 S282
G1X50 S2635
M5S0
G0X0Y16.5
 S0
M3
G1X0.5 S329
G1X1 S329
G1X1.5 S329
G1X2 S329
G1X2.5 S329
G1X3 S329
G1X3.5 S329
G1X4 S329
G1X4.5 S282
G1X5 S282
G1X5.5 S329
G1X6 S329
G1X6.5 S329
G1X7 S329
G1X7.5 S329
G1X8 S329
G1X8.5 S517
G1X9 S752
G1X9.5 S847
G1X10 S1176
G1X10.5 S1505
G1X11 S1835
G1X11.5 S2023
G1X12 S1976
G1X12.5 S1929
G1X13 S611
G1X13.5 S988
G1X14 S2117
G1X14.5 S2305
G1X15 S2352
G1X15.5 S2211
G1X16 S2164
G1X16.5 S1929
G1X17 S1976
G1X17.5 S2164
G1X18 S2400
G1X18.5 S3011
G1X19 S3341
G1X19.5 S4658
G1X20 S4141
G1X20.5 S5411
G1X21 S5929
G1X21.5 S4894
G1X22 S2682
G1X22.5 S329
G1X23 S329
G1X23.5 S329
G1X24 S329
G1X24.5 S329
G1X25 S329
G1X25.5 S376
G1X26 S329
G1X26.5 S329
G1X27 S376
G1X27.5 S376
G1X28 S329
G1X28.5 S376
G1X29 S376
G1X29.5 S376
G1X30 S376
G1X30.5 S376
G1X31 S329
G1X31.5 S376
G1X32 S376
G1X32.5 S376
G1X33 S329
G1X33.5 S376
G1X34 S376
G1X34.5 S376
G1X35 S376
G1X35.5 S376
G1X36 S329
G1X36.5 S329
G1X37 S329
G1X37.5 S329
G1X38 S329
G1X38.5 S329
G1X39 S329
G1X39.5 S282
G1X40 S282
G1X40.5 S282
G1X41 S329
G1X41.5 S329
G1X42 S329
G1X42.5 S329
G1X43 S329
G1X43.5 S329
G1X44 S329
G1X44.5 S282
G1X45 S282
G1X45.5 S282
G1X46 S329
G1X46.5 S329
G1X47 S329
G1X47.5 S329
G1X48 S329
G1X48.5 S329
G1X49 S329
G1X49.5 S282
G1X50 S2635
M5S0
G0X0Y16
 S0
M3
G1X0.5 S329
G1X1 S329
G1X1.5 S329
G1X2 S329
G1X2.5 S282
G1X3 S329
G1X3.5 S329
G1X4 S282
G1X4.5 S282
G1X5 S329
G1X5.5 S329
G1X6 S329
G1X6.5 S329
G1X7 S329
G1X7.5 S847
G1X8 S1552
G1X8.5 S2023
G1X9 S2400
G1X9.5 S2870
G1X10 S3341
G1X10.5 S3388
G1X11 S3058
G1X11.5 S2258
G1X12 S1552
G1X12.5 S1458
G1X13 S564
G1X13.5 S1082
G1X14 S2400
G1X14.5 S2588
G1X15 S2541
G1X15.5 S2447
G1X16 S2682
G1X16.5 S2588
G1X17 S2447
G1X17.5 S2352
G1X18 S2541
G1X18.5 S2870
G1X19 S4517
G1X19.5 S4752
G1X20 S4000
G1X20.5 S6305
G1X21 S7811
G1X21.5 S5176
G1X22 S2682
G1X22.5 S329
G1X23 S329
G1X23.5 S329
G1X24 S329
G1X24.5 S376
G1X25 S376
G1X25.5 S376
G1X26 S376
G1X26.5 S376
G1X27 S376
G1X27.5 S329
G1X28 S329
G1X28.5 S329
G1X29 S329
G1X29.5 S376
G1X30 S376
G1X30.5 S376
G1X31 S376
G1X31.5 S376
G1X32 S329
G1X32.5 S376
G1X33 S329
G1X33.5 S329
G1X34 S329
G1X34.5 S376
G1X35 S376
G1X35.5 S376
G1X36 S376
G1X36.5 S329
G1X37 S329
G1X37.5 S329
G1X38 S329
G1X38.5 S329
G1X39 S329
G1X39.5 S329
G1X40 S329
G1X40.5 S329
G1X41 S329
G1X41.5 S329
G1X42 S329
G1X42.5 S329
G1X43 S329
G1X43.5 S329
G1X44 S329
G1X44.5 S329
G1X45 S329
G1X45.5 S329
G1X46 S329
G1X46.5 S329
G1X47 S329
G1X47.5 S329
G1X48 S329
G1X48.5 S329
G1X49 S329
G1X49.5 S329
G1X50 S2635
M5S0
G0X0Y15.5
 S0
M3
G1X0.5 S329
G1X1 S329
G1X1.5 S329
G1X2 S329
G1X2.5 S282
G1X3 S329
G1X3.5 S329
G1X4 S329
G1X4.5 S329
G1X5 S329
G1X5.5 S329
G1X6 S329
G1X6.5 S329
G1X7 S329
G1X7.5 S1694
G1X8 S3717
G1X8.5 S4000
G1X9 S4047
G1X9.5 S4000
G1X10 S3247
G1X10.5 S2070
G1X11 S1552
G1X11.5 S1364
G1X12 S1552
G1X12.5 S1600
G1X13 S611
G1X13.5 S1270
G1X14 S2823
G1X14.5 S2729
G1X15 S2682
G1X15.5 S2729
G1X16 S2917
G1X16.5 S2917
G1X17 S3011
G1X17.5 S2776
G1X18 S2635
G1X18.5 S2588
G1X19 S3105
G1X19.5 S4376
G1X20 S4282
G1X20.5 S7152
G1X21 S8188
G1X21.5 S4941
G1X22 S2400
G1X22.5 S329
G1X23 S329
G1X23.5 S329
G1X24 S329
G1X24.5 S376
G1X25 S282
G1X25.5 S329
G1X26 S282
G1X26.5 S376
G1X27 S376
G1X27.5 S329
G1X28 S376
G1X28.5 S329
G1X29 S376
G1X29.5 S329
G1X30 S329
G1X30.5 S282
G1X31 S376
G1X31.5 S376
G1X32 S329
G1X32.5 S376
G1X33 S376
G1X33.5 S329
G1X34 S376
G1X34.5 S329
G1X35 S376
G1X35.5 S376
G1X36 S329
G1X36.5 S329
G1X37 S329
G1X37.5 S282
G1X38 S329
G1X38.5 S282
G1X39 S329
G1X39.5 S282
G1X40 S329
G1X40.5 S329
G1X41 S282
G1X41.5 S329
G1X42 S329
G1X42.5 S282
G1X43 S329
G1X43.5 S282
G1X44 S329
G1X44.5 S282
G1X45 S329
G1X45.5 S329
G1X46 S282
G1X46.5 S329
G1X47 S329
G1X47.5 S282
G1X48 S329
G1X48.5 S282
G1X49 S329
G1X49.5 S282
G1X50 S2635
M5S0
G0X0Y15
 S0
M3
G1X0.5 S329
G1X1 S282
G1X1.5 S282
G1X2 S329
G1X2.5 S329
G1X3 S329
G1X3.5 S329
G1X4 S329
G1X4.5 S329
G1X5 S329
G1X5.5 S329
G1X6 S329
G1X6.5 S329
G1X7 S282
G1X7.5 S2023
G1X8 S4188
G1X8.5 S4000
G1X9 S3811
G1X9.5 S2917
G1X10 S1600
G1X10.5 S1270
G1X11 S1364
G1X11.5 S1647
G1X12 S1411
G1X12.5 S1600
G1X13 S611
G1X13.5 S1458
G1X14 S2917
G1X14.5 S2917
G1X15 S3058
G1X15.5 S2964
G1X16 S2776
G1X16.5 S2729
G1X17 S2776
G1X17.5 S2870
G1X18 S2776
G1X18.5 S2588
G1X19 S2494
G1X19.5 S3011
G1X20 S5317
G1X20.5 S8564
G1X21 S7011
G1X21.5 S4141
G1X22 S2352
G1X22.5 S329
G1X23 S329
G1X23.5 S329
G1X24 S329
G1X24.5 S329
G1X25 S235
G1X25.5 S235
G1X26 S282
G1X26.5 S329
G1X27 S282
G1X27.5 S329
G1X28 S329
G1X28.5 S329
G1X29 S329
G1X29.5 S282
G1X30 S329
G1X30.5 S282
G1X31 S376
G1X31.5 S282
G1X32 S329
G1X32.5 S329
G1X33 S376
G1X33.5 S282
G1X34 S329
G1X34.5 S235
G1X35 S329
G1X35.5 S376
G1X36 S376
G1X36.5 S329
G1X37 S282
G1X37.5 S329
G1X38 S329
G1X38.5 S282
G1X39 S282
G1X39.5 S329
G1X40 S329
G1X40.5 S329
G1X41 S282
G1X41.5 S329
G1X42 S282
G1X42.5 S329
G1X43 S329
G1X43.5 S282
G1X44 S282
G1X44.5 S329
G1X45 S329
G1X45.5 S329
G1X46 S282
G1X46.5 S329
G1X47 S282
G1X47.5 S329
G1X48 S329
G1X48.5 S282
G1X49 S282
G1X49.5 S329
G1X50 S2635
M5S0
G0X0Y14.5
 S0
M3
G1X0.5 S329
G1X1 S329
G1X1.5 S329
G1X2 S329
G1X2.5 S329
G1X3 S329
G1X3.5 S329
G1X4 S282
G1X4.5 S329
G1X5 S329
G1X5.5 S329
G1X6 S282
G1X6.5 S329
G1X7 S329
G1X7.5 S1882
G1X8 S3905
G1X8.5 S3717
G1X9 S3247
G1X9.5 S1741
G1X10 S1364
G1X10.5 S1270
G1X11 S1788
G1X11.5 S2117
G1X12 S2023
G1X12.5 S1882
G1X13 S611
G1X13.5 S1411
G1X14 S2964
G1X14.5 S2541
G1X15 S2588
G1X15.5 S2964
G1X16 S2964
G1X16.5 S2682
G1X17 S2541
G1X17.5 S2588
G1X18 S2635
G1X18.5 S2588
G1X19 S2541
G1X19.5 S2352
G1X20 S2964
G1X20.5 S5270
G1X21 S4611
G1X21.5 S4376
G1X22 S3011
G1X22.5 S282
G1X23 S329
G1X23.5 S282
G1X24 S329
G1X24.5 S376
G1X25 S329
G1X25.5 S282
G1X26 S329
G1X26.5 S282
G1X27 S329
G1X27.5 S329
G1X28 S376
G1X28.5 S376
G1X29 S282
G1X29.5 S282
G1X30 S329
G1X30.5 S282
G1X31 S329
G1X31.5 S376
G1X32 S282
G1X32.5 S329
G1X33 S376
G1X33.5 S329
G1X34 S282
G1X34.5 S235
G1X35 S329
G1X35.5 S329
G1X36 S329
G1X36.5 S329
G1X37 S329
G1X37.5 S329
G1X38 S329
G1X38.5 S329
G1X39 S329
G1X39.5 S329
G1X40 S329
G1X40.5 S329
G1X41 S329
G1X41.5 S329
G1X42 S329
G1X42.5 S329
G1X43 S329
G1X43.5 S329
G1X44 S329
G1X44.5 S329
G1X45 S329
G1X45.5 S329
G1X46 S329
G1X46.5 S329
G1X47 S329
G1X47.5 S329
G1X48 S329
G1X48.5 S329
G1X49 S329
G1X49.5 S329
G1X50 S2635
M5S0
G0X0Y14
 S0
M3
G1X0.5 S329
G1X1 S329
G1X1.5 S329
G1X2 S329
G1X2.5 S282
G1X3 S329
G1X3.5 S329
G1X4 S329
G1X4.5 S282
G1X5 S329
G1X5.5 S329
G1X6 S329
G1X6.5 S329
G1X7 S329
G1X7.5 S1835
G1X8 S3717
G1X8.5 S3482
G1X9 S2541
G1X9.5 S1270
G1X10 S1035
G1X10.5 S1600
G1X11 S5035
G1X11.5 S5647
G1X12 S2917
G1X12.5 S2400
G1X13 S800
G1X13.5 S1505
G1X14 S2635
G1X14.5 S2164
G1X15 S2305
G1X15.5 S2541
G1X16 S3011
G1X16.5 S2964
G1X17 S2729
G1X17.5 S2635
G1X18 S2447
G1X18.5 S2258
G1X19 S2588
G1X19.5 S2400
G1X20 S2023
G1X20.5 S2352
G1X21 S3294
G1X21.5 S3858
G1X22 S2541
G1X22.5 S282
G1X23 S282
G1X23.5 S282
G1X24 S329
G1X24.5 S376
G1X25 S329
G1X25.5 S376
G1X26 S329
G1X26.5 S329
G1X27 S376
G1X27.5 S329
G1X28 S329
G1X28.5 S329
G1X29 S329
G1X29.5 S329
G1X30 S376
G1X30.5 S329
G1X31 S376
G1X31.5 S376
G1X32 S329
G1X32.5 S376
G1X33 S376
G1X33.5 S376
G1X34 S329
G1X34.5 S329
G1X35 S376
G1X35.5 S376
G1X36 S329
G1X36.5 S329
G1X37 S282
G1X37.5 S282
G1X38 S329
G1X38.5 S282
G1X39 S282
G1X39.5 S282
G1X40 S329
G1X40.5 S329
G1X41 S329
G1X41.5 S329
G1X42 S282
G1X42.5 S282
G1X43 S329
G1X43.5 S282
G1X44 S282
G1X44.5 S282
G1X45 S329
G1X45.5 S329
G1X46 S329
G1X46.5 S329
G1X47 S282
G1X47.5 S282
G1X48 S329
G1X48.5 S329
G1X49 S282
G1X49.5 S282
G1X50 S2635
M5S0
G0X0Y13.5
 S0
M3
G1X0.5 S329
G1X1 S329
G1X1.5 S329
G1X2 S329
G1X2.5 S282
G1X3 S282
G1X3.5 S282
G1X4 S282
G1X4.5 S329
G1X5 S329
G1X5.5 S329
G1X6 S329
G1X6.5 S329
G1X7 S329
G1X7.5 S1552
G1X8 S2964
G1X8.5 S2635
G1X9 S1835
G1X9.5 S941
G1X10 S847
G1X10.5 S2588
G1X11 S7388
G1X11.5 S9082
G1X12 S3858
G1X12.5 S2258
G1X13 S658
G1X13.5 S1317
G1X14 S2541
G1X14.5 S2635
G1X15 S3341
G1X15.5 S3435
G1X16 S2917
G1X16.5 S3576
G1X17 S3435
G1X17.5 S2917
G1X18 S2541
G1X18.5 S2352
G1X19 S2447
G1X19.5 S2541
G1X20 S2352
G1X20.5 S1929
G1X21 S2400
G1X21.5 S3764
G1X22 S2964
G1X22.5 S282
G1X23 S282
G1X23.5 S282
G1X24 S329
G1X24.5 S329
G1X25 S329
G1X25.5 S329
G1X26 S329
G1X26.5 S329
G1X27 S329
G1X27.5 S329
G1X28 S329
G1X28.5 S329
G1X29 S329
G1X29.5 S329
G1X30 S329
G1X30.5 S329
G1X31 S329
G1X31.5 S329
G1X32 S329
G1X32.5 S329
G1X33 S329
G1X33.5 S329
G1X34 S329
G1X34.5 S329
G1X35 S329
G1X35.5 S329
G1X36 S329
G1X36.5 S329
G1X37 S329
G1X37.5 S282
G1X38 S282
G1X38.5 S329
G1X39 S282
G1X39.5 S282
G1X40 S329
G1X40.5 S329
G1X41 S282
G1X41.5 S329
G1X42 S329
G1X42.5 S282
G1X43 S282
G1X43.5 S329
G1X44 S282
G1X44.5 S282
G1X45 S329
G1X45.5 S329
G1X46 S282
G1X46.5 S329
G1X47 S329
G1X47.5 S282
G1X48 S282
G1X48.5 S282
G1X49 S282
G1X49.5 S282
G1X50 S2635
M5S0
G0X0Y13
 S0
M3
G1X0.5 S329
G1X1 S329
G1X1.5 S329
G1X2 S329
G1X2.5 S282
G1X3 S329
G1X3.5 S282
G1X4 S329
G1X4.5 S329
G1X5 S329
G1X5.5 S329
G1X6 S329
G1X6.5 S329
G1X7 S329
G1X7.5 S1176
G1X8 S2211
G1X8.5 S2023
G1X9 S1411
G1X9.5 S847
G1X10 S1035
G1X10.5 S2964
G1X11 S7105
G1X11.5 S6823
G1X12 S2305
G1X12.5 S1788
G1X13 S611
G1X13.5 S1270
G1X14 S3247
G1X14.5 S5411
G1X15 S6729
G1X15.5 S8847
G1X16 S6917
G1X16.5 S3623
G1X17 S3294
G1X17.5 S2870
G1X18 S2400
G1X18.5 S2494
G1X19 S2494
G1X19.5 S2447
G1X20 S2541
G1X20.5 S2447
G1X21 S2164
G1X21.5 S2917
G1X22 S2964
G1X22.5 S282
G1X23 S329
G1X23.5 S282
G1X24 S329
G1X24.5 S847
G1X25 S1223
G1X25.5 S329
G1X26 S329
G1X26.5 S1223
G1X27 S329
G1X27.5 S282
G1X28 S1552
G1X28.5 S1976
G1X29 S941
G1X29.5 S329
G1X30 S329
G1X30.5 S329
G1X31 S329
G1X31.5 S329
G1X32 S329
G1X32.5 S329
G1X33 S2305
G1X33.5 S1317
G1X34 S329
G1X34.5 S329
G1X35 S329
G1X35.5 S329
G1X36 S329
G1X36.5 S329
G1X37 S329
G1X37.5 S329
G1X38 S329
G1X38.5 S329
G1X39 S329
G1X39.5 S329
G1X40 S329
G1X40.5 S800
G1X41 S329
G1X41.5 S329
G1X42 S329
G1X42.5 S1223
G1X43 S752
G1X43.5 S329
G1X44 S329
G1X44.5 S2117
G1X45 S1176
G1X45.5 S329
G1X46 S329
G1X46.5 S329
G1X47 S329
G1X47.5 S329
G1X48 S329
G1X48.5 S282
G1X49 S329
G1X49.5 S329
G1X50 S2635
M5S0
G0X0Y12.5
 S0
M3
G1X0.5 S329
G1X1 S329
G1X1.5 S329
G1X2 S329
G1X2.5 S329
G1X3 S329
G1X3.5 S329
G1X4 S329
G1X4.5 S329
G1X5 S329
G1X5.5 S329
G1X6 S329
G1X6.5 S329
G1X7 S329
G1X7.5 S1082
G1X8 S2117
G1X8.5 S1929
G1X9 S1035
G1X9.5 S988
G1X10 S1317
G1X10.5 S2164
G1X11 S2917
G1X11.5 S1882
G1X12 S1600
G1X12.5 S1505
G1X13 S564
G1X13.5 S1411
G1X14 S5035
G1X14.5 S8282
G1X15 S7058
G1X15.5 S10400
G1X16 S9223
G1X16.5 S4282
G1X17 S2823
G1X17.5 S2588
G1X18 S2352
G1X18.5 S2352
G1X19 S2352
G1X19.5 S2447
G1X20 S2494
G1X20.5 S2447
G1X21 S2352
G1X21.5 S2400
G1X22 S2070
G1X22.5 S329
G1X23 S329
G1X23.5 S329
G1X24 S329
G1X24.5 S1929
G1X25 S5552
G1X25.5 S282
G1X26 S1835
G1X26.5 S7670
G1X27 S329
G1X27.5 S1082
G1X28 S5741
G1X28.5 S2729
G1X29 S1270
G1X29.5 S282
G1X30 S329
G1X30.5 S282
G1X31 S282
G1X31.5 S329
G1X32 S329
G1X32.5 S329
G1X33 S4988
G1X33.5 S2635
G1X34 S329
G1X34.5 S282
G1X35 S329
G1X35.5 S282
G1X36 S282
G1X36.5 S329
G1X37 S329
G1X37.5 S329
G1X38 S329
G1X38.5 S329
G1X39 S329
G1X39.5 S282
G1X40 S1129
G1X40.5 S3717
G1X41 S1458
G1X41.5 S329
G1X42 S4282
G1X42.5 S9270
G1X43 S2635
G1X43.5 S329
G1X44 S5176
G1X44.5 S5694
G1X45 S6870
G1X45.5 S1647
G1X46 S282
G1X46.5 S329
G1X47 S329
G1X47.5 S329
G1X48 S329
G1X48.5 S329
G1X49 S329
G1X49.5 S282
G1X50 S2635
M5S0
G0X0Y12
 S0
M3
G1X0.5 S329
G1X1 S329
G1X1.5 S329
G1X2 S329
G1X2.5 S329
G1X3 S329
G1X3.5 S329
G1X4 S329
G1X4.5 S329
G1X5 S329
G1X5.5 S329
G1X6 S329
G1X6.5 S329
G1X7 S329
G1X7.5 S1129
G1X8 S2164
G1X8.5 S1647
G1X9 S1035
G1X9.5 S1129
G1X10 S1317
G1X10.5 S1458
G1X11 S1552
G1X11.5 S1694
G1X12 S1647
G1X12.5 S1552
G1X13 S564
G1X13.5 S1223
G1X14 S3435
G1X14.5 S5882
G1X15 S6635
G1X15.5 S7247
G1X16 S4517
G1X16.5 S2494
G1X17 S2164
G1X17.5 S2023
G1X18 S2070
G1X18.5 S2305
G1X19 S2211
G1X19.5 S2258
G1X20 S2258
G1X20.5 S2352
G1X21 S2447
G1X21.5 S2447
G1X22 S1647
G1X22.5 S329
G1X23 S329
G1X23.5 S329
G1X24 S329
G1X24.5 S329
G1X25 S5552
G1X25.5 S282
G1X26 S4470
G1X26.5 S8047
G1X27 S1647
G1X27.5 S3576
G1X28 S4517
G1X28.5 S2964
G1X29 S1647
G1X29.5 S3200
G1X30 S3952
G1X30.5 S5505
G1X31 S1882
G1X31.5 S611
G1X32 S4282
G1X32.5 S4894
G1X33 S7247
G1X33.5 S2635
G1X34 S1694
G1X34.5 S5129
G1X35 S4988
G1X35.5 S2635
G1X36 S329
G1X36.5 S3576
G1X37 S4988
G1X37.5 S4847
G1X38 S2964
G1X38.5 S847
G1X39 S4611
G1X39.5 S5176
G1X40 S2447
G1X40.5 S3388
G1X41 S1082
G1X41.5 S282
G1X42 S3105
G1X42.5 S7811
G1X43 S2635
G1X43.5 S1270
G1X44 S6494
G1X44.5 S329
G1X45 S3952
G1X45.5 S4847
G1X46 S329
G1X46.5 S282
G1X47 S282
G1X47.5 S282
G1X48 S329
G1X48.5 S329
G1X49 S329
G1X49.5 S329
G1X50 S2635
M5S0
G0X0Y11.5
 S0
M3
G1X0.5 S329
G1X1 S329
G1X1.5 S329
G1X2 S329
G1X2.5 S329
G1X3 S329
G1X3.5 S329
G1X4 S329
G1X4.5 S329
G1X5 S329
G1X5.5 S329
G1X6 S329
G1X6.5 S329
G1X7 S329
G1X7.5 S894
G1X8 S1552
G1X8.5 S1035
G1X9 S847
G1X9.5 S800
G1X10 S1129
G1X10.5 S2070
G1X11 S2305
G1X11.5 S1929
G1X12 S1505
G1X12.5 S1129
G1X13 S470
G1X13.5 S894
G1X14 S1835
G1X14.5 S1882
G1X15 S1976
G1X15.5 S1929
G1X16 S1835
G1X16.5 S1647
G1X17 S1364
G1X17.5 S1176
G1X18 S1129
G1X18.5 S1270
G1X19 S1129
G1X19.5 S1082
G1X20 S1082
G1X20.5 S1082
G1X21 S1129
G1X21.5 S1129
G1X22 S847
G1X22.5 S329
G1X23 S329
G1X23.5 S329
G1X24 S329
G1X24.5 S329
G1X25 S5458
G1X25.5 S2211
G1X26 S5176
G1X26.5 S4047
G1X27 S4188
G1X27.5 S5270
G1X28 S1835
G1X28.5 S4988
G1X29 S2635
G1X29.5 S6117
G1X30 S2117
G1X30.5 S1929
G1X31 S5505
G1X31.5 S3905
G1X32 S4423
G1X32.5 S376
G1X33 S6823
G1X33.5 S2635
G1X34 S5741
G1X34.5 S1694
G1X35 S800
G1X35.5 S5788
G1X36 S2164
G1X36.5 S5694
G1X37 S329
G1X37.5 S4894
G1X38 S4988
G1X38.5 S4800
G1X39 S2494
G1X39.5 S1317
G1X40 S5458
G1X40.5 S329
G1X41 S329
G1X41.5 S329
G1X42 S329
G1X42.5 S7341
G1X43 S2635
G1X43.5 S2635
G1X44 S6964
G1X44.5 S329
G1X45 S2635
G1X45.5 S6117
G1X46 S329
G1X46.5 S329
G1X47 S329
G1X47.5 S282
G1X48 S329
G1X48.5 S329
G1X49 S329
G1X49.5 S329
G1X50 S2635
M5S0
G0X0Y11
 S0
M3
G1X0.5 S329
G1X1 S329
G1X1.5 S329
G1X2 S329
G1X2.5 S329
G1X3 S329
G1X3.5 S329
G1X4 S329
G1X4.5 S329
G1X5 S329
G1X5.5 S329
G1X6 S329
G1X6.5 S329
G1X7 S329
G1X7.5 S611
G1X8 S894
G1X8.5 S564
G1X9 S611
G1X9.5 S752
G1X10 S2211
G1X10.5 S2352
G1X11 S2541
G1X11.5 S2352
G1X12 S1600
G1X12.5 S658
G1X13 S376
G1X13.5 S423
G1X14 S658
G1X14.5 S705
G1X15 S611
G1X15.5 S847
G1X16 S1082
G1X16.5 S988
G1X17 S847
G1X17.5 S611
G1X18 S611
G1X18.5 S658
G1X19 S658
G1X19.5 S564
G1X20 S423
G1X20.5 S329
G1X21 S282
G1X21.5 S329
G1X22 S329
G1X22.5 S282
G1X23 S282
G1X23.5 S329
G1X24 S329
G1X24.5 S329
G1X25 S3294
G1X25.5 S5741
G1X26 S5035
G1X26.5 S1129
G1X27 S5223
G1X27.5 S5129
G1X28 S329
G1X28.5 S4988
G1X29 S2635
G1X29.5 S4988
G1X30 S329
G1X30.5 S282
G1X31 S4988
G1X31.5 S5411
G1X32 S2588
G1X32.5 S282
G1X33 S4988
G1X33.5 S2635
G1X34 S5035
G1X34.5 S329
G1X35 S329
G1X35.5 S5600
G1X36 S5082
G1X36.5 S4376
G1X37 S282
G1X37.5 S2635
G1X38 S4988
G1X38.5 S5929
G1X39 S4988
G1X39.5 S4988
G1X40 S4894
G1X40.5 S282
G1X41 S329
G1X41.5 S329
G1X42 S282
G1X42.5 S7341
G1X43 S2635
G1X43.5 S2588
G1X44 S7011
G1X44.5 S329
G1X45 S2776
G1X45.5 S5552
G1X46 S329
G1X46.5 S329
G1X47 S282
G1X47.5 S282
G1X48 S329
G1X48.5 S329
G1X49 S329
G1X49.5 S329
G1X50 S2635
M5S0
G0X0Y10.5
 S0
M3
G1X0.5 S329
G1X1 S329
G1X1.5 S329
G1X2 S329
G1X2.5 S282
G1X3 S329
G1X3.5 S329
G1X4 S329
G1X4.5 S329
G1X5 S329
G1X5.5 S329
G1X6 S329
G1X6.5 S329
G1X7 S329
G1X7.5 S1458
G1X8 S2352
G1X8.5 S1223
G1X9 S1411
G1X9.5 S3294
G1X10 S9082
G1X10.5 S10447
G1X11 S11058
G1X11.5 S10729
G1X12 S6823
G1X12.5 S2635
G1X13 S705
G1X13.5 S988
G1X14 S2023
G1X14.5 S2117
G1X15 S2070
G1X15.5 S2211
G1X16 S2541
G1X16.5 S2588
G1X17 S2352
G1X17.5 S2164
G1X18 S2117
G1X18.5 S2258
G1X19 S2258
G1X19.5 S1976
G1X20 S1694
G1X20.5 S1741
G1X21 S1788
G1X21.5 S1882
G1X22 S1176
G1X22.5 S329
G1X23 S329
G1X23.5 S329
G1X24 S329
G1X24.5 S282
G1X25 S752
G1X25.5 S8423
G1X26 S3905
G1X26.5 S329
G1X27 S6258
G1X27.5 S4988
G1X28 S329
G1X28.5 S4988
G1X29 S2635
G1X29.5 S4988
G1X30 S329
G1X30.5 S329
G1X31 S4988
G1X31.5 S4188
G1X32 S4517
G1X32.5 S800
G1X33 S7294
G1X33.5 S2635
G1X34 S5835
G1X34.5 S1741
G1X35 S1129
G1X35.5 S5458
G1X36 S2447
G1X36.5 S5882
G1X37 S423
G1X37.5 S5364
G1X38 S4988
G1X38.5 S4941
G1X39 S2917
G1X39.5 S752
G1X40 S1694
G1X40.5 S329
G1X41 S282
G1X41.5 S282
G1X42 S329
G1X42.5 S7341
G1X43 S2635
G1X43.5 S800
G1X44 S6682
G1X44.5 S800
G1X45 S5270
G1X45.5 S3388
G1X46 S282
G1X46.5 S282
G1X47 S329
G1X47.5 S282
G1X48 S329
G1X48.5 S329
G1X49 S329
G1X49.5 S282
G1X50 S2635
M5S0
G0X0Y10
 S0
M3
G1X0.5 S329
G1X1 S329
G1X1.5 S329
G1X2 S329
G1X2.5 S282
G1X3 S329
G1X3.5 S329
G1X4 S329
G1X4.5 S329
G1X5 S329
G1X5.5 S329
G1X6 S329
G1X6.5 S329
G1X7 S329
G1X7.5 S1411
G1X8 S2258
G1X8.5 S1552
G1X9 S1929
G1X9.5 S4141
G1X10 S8517
G1X10.5 S10258
G1X11 S10258
G1X11.5 S8941
G1X12 S5411
G1X12.5 S3435
G1X13 S800
G1X13.5 S1223
G1X14 S2400
G1X14.5 S2258
G1X15 S2352
G1X15.5 S2305
G1X16 S2117
G1X16.5 S2258
G1X17 S2258
G1X17.5 S2305
G1X18 S2400
G1X18.5 S2400
G1X19 S2305
G1X19.5 S2164
G1X20 S2164
G1X20.5 S2258
G1X21 S2305
G1X21.5 S2447
G1X22 S1647
G1X22.5 S329
G1X23 S329
G1X23.5 S329
G1X24 S282
G1X24.5 S329
G1X25 S329
G1X25.5 S3529
G1X26 S1223
G1X26.5 S329
G1X27 S2729
G1X27.5 S2117
G1X28 S329
G1X28.5 S2447
G1X29 S1364
G1X29.5 S2447
G1X30 S329
G1X30.5 S329
G1X31 S2447
G1X31.5 S752
G1X32 S4564
G1X32.5 S4752
G1X33 S4000
G1X33.5 S1364
G1X34 S1694
G1X34.5 S4894
G1X35 S4847
G1X35.5 S1882
G1X36 S329
G1X36.5 S3623
G1X37 S4658
G1X37.5 S5270
G1X38 S4705
G1X38.5 S941
G1X39 S4752
G1X39.5 S4752
G1X40 S2400
G1X40.5 S329
G1X41 S329
G1X41.5 S329
G1X42 S329
G1X42.5 S4517
G1X43 S1694
G1X43.5 S329
G1X44 S3247
G1X44.5 S5458
G1X45 S4376
G1X45.5 S423
G1X46 S329
G1X46.5 S329
G1X47 S329
G1X47.5 S329
G1X48 S329
G1X48.5 S282
G1X49 S329
G1X49.5 S329
G1X50 S2635
M5S0
G0X0Y9.5
 S0
M3
G1X0.5 S282
G1X1 S329
G1X1.5 S329
G1X2 S329
G1X2.5 S282
G1X3 S329
G1X3.5 S329
G1X4 S329
G1X4.5 S329
G1X5 S329
G1X5.5 S329
G1X6 S329
G1X6.5 S329
G1X7 S329
G1X7.5 S1458
G1X8 S2211
G1X8.5 S1317
G1X9 S2023
G1X9.5 S4611
G1X10 S7576
G1X10.5 S8988
G1X11 S9035
G1X11.5 S7623
G1X12 S4941
G1X12.5 S3717
G1X13 S894
G1X13.5 S1317
G1X14 S2729
G1X14.5 S2494
G1X15 S2635
G1X15.5 S2494
G1X16 S2447
G1X16.5 S2541
G1X17 S2494
G1X17.5 S2447
G1X18 S2494
G1X18.5 S2352
G1X19 S2258
G1X19.5 S2352
G1X20 S2447
G1X20.5 S2588
G1X21 S2729
G1X21.5 S2776
G1X22 S1788
G1X22.5 S282
G1X23 S329
G1X23.5 S282
G1X24 S282
G1X24.5 S329
G1X25 S329
G1X25.5 S329
G1X26 S329
G1X26.5 S329
G1X27 S329
G1X27.5 S282
G1X28 S329
G1X28.5 S329
G1X29 S329
G1X29.5 S329
G1X30 S329
G1X30.5 S329
G1X31 S329
G1X31.5 S329
G1X32 S329
G1X32.5 S329
G1X33 S329
G1X33.5 S329
G1X34 S329
G1X34.5 S329
G1X35 S329
G1X35.5 S329
G1X36 S847
G1X36.5 S3247
G1X37 S2682
G1X37.5 S6400
G1X38 S1929
G1X38.5 S329
G1X39 S329
G1X39.5 S329
G1X40 S329
G1X40.5 S329
G1X41 S329
G1X41.5 S329
G1X42 S329
G1X42.5 S329
G1X43 S329
G1X43.5 S329
G1X44 S329
G1X44.5 S329
G1X45 S329
G1X45.5 S329
G1X46 S329
G1X46.5 S329
G1X47 S329
G1X47.5 S329
G1X48 S329
G1X48.5 S282
G1X49 S329
G1X49.5 S329
G1X50 S2635
M5S0
G0X0Y9
 S0
M3
G1X0.5 S329
G1X1 S329
G1X1.5 S329
G1X2 S329
G1X2.5 S282
G1X3 S329
G1X3.5 S329
G1X4 S329
G1X4.5 S282
G1X5 S329
G1X5.5 S329
G1X6 S329
G1X6.5 S329
G1X7 S329
G1X7.5 S1411
G1X8 S2117
G1X8.5 S1317
G1X9 S1835
G1X9.5 S3435
G1X10 S7811
G1X10.5 S9741
G1X11 S9505
G1X11.5 S8376
G1X12 S5364
G1X12.5 S3858
G1X13 S941
G1X13.5 S1552
G1X14 S3623
G1X14.5 S3200
G1X15 S2776
G1X15.5 S2776
G1X16 S2823
G1X16.5 S2729
G1X17 S2635
G1X17.5 S2729
G1X18 S2541
G1X18.5 S2494
G1X19 S2447
G1X19.5 S2635
G1X20 S2776
G1X20.5 S2729
G1X21 S2729
G1X21.5 S2776
G1X22 S1929
G1X22.5 S282
G1X23 S282
G1X23.5 S282
G1X24 S329
G1X24.5 S282
G1X25 S329
G1X25.5 S329
G1X26 S329
G1X26.5 S329
G1X27 S282
G1X27.5 S1035
G1X28 S1317
G1X28.5 S564
G1X29 S423
G1X29.5 S1223
G1X30 S1176
G1X30.5 S329
G1X31 S1270
G1X31.5 S1317
G1X32 S1270
G1X32.5 S1270
G1X33 S1129
G1X33.5 S1458
G1X34 S611
G1X34.5 S517
G1X35 S1035
G1X35.5 S329
G1X36 S1364
G1X36.5 S4658
G1X37 S5647
G1X37.5 S2494
G1X38 S1364
G1X38.5 S1176
G1X39 S941
G1X39.5 S1082
G1X40 S1129
G1X40.5 S1317
G1X41 S1035
G1X41.5 S423
G1X42 S470
G1X42.5 S376
G1X43 S1129
G1X43.5 S423
G1X44 S423
G1X44.5 S376
G1X45 S329
G1X45.5 S329
G1X46 S329
G1X46.5 S329
G1X47 S282
G1X47.5 S282
G1X48 S329
G1X48.5 S329
G1X49 S282
G1X49.5 S282
G1X50 S2635
M5S0
G0X0Y8.5
 S0
M3
G1X0.5 S329
G1X1 S329
G1X1.5 S329
G1X2 S329
G1X2.5 S282
G1X3 S282
G1X3.5 S282
G1X4 S282
G1X4.5 S329
G1X5 S329
G1X5.5 S329
G1X6 S329
G1X6.5 S329
G1X7 S329
G1X7.5 S1270
G1X8 S1882
G1X8.5 S1317
G1X9 S1552
G1X9.5 S2352
G1X10 S6023
G1X10.5 S8752
G1X11 S9647
G1X11.5 S9835
G1X12 S8282
G1X12.5 S6305
G1X13 S1458
G1X13.5 S2964
G1X14 S6117
G1X14.5 S3670
G1X15 S2917
G1X15.5 S2870
G1X16 S2682
G1X16.5 S2588
G1X17 S2682
G1X17.5 S2588
G1X18 S2494
G1X18.5 S2541
G1X19 S2682
G1X19.5 S2682
G1X20 S2541
G1X20.5 S2494
G1X21 S2588
G1X21.5 S3011
G1X22 S2070
G1X22.5 S282
G1X23 S282
G1X23.5 S282
G1X24 S282
G1X24.5 S282
G1X25 S329
G1X25.5 S282
G1X26 S282
G1X26.5 S329
G1X27 S329
G1X27.5 S1788
G1X28 S4894
G1X28.5 S3952
G1X29 S2682
G1X29.5 S2588
G1X30 S3576
G1X30.5 S2164
G1X31 S4188
G1X31.5 S2352
G1X32 S4282
G1X32.5 S4564
G1X33 S4329
G1X33.5 S3200
G1X34 S3811
G1X34.5 S3482
G1X35 S3294
G1X35.5 S329
G1X36 S2776
G1X36.5 S3435
G1X37 S2729
G1X37.5 S1694
G1X38 S5458
G1X38.5 S4141
G1X39 S1552
G1X39.5 S3482
G1X40 S3858
G1X40.5 S3152
G1X41 S2211
G1X41.5 S423
G1X42 S3482
G1X42.5 S4282
G1X43 S4564
G1X43.5 S4094
G1X44 S3388
G1X44.5 S376
G1X45 S329
G1X45.5 S329
G1X46 S282
G1X46.5 S329
G1X47 S329
G1X47.5 S282
G1X48 S282
G1X48.5 S282
G1X49 S282
G1X49.5 S282
G1X50 S2635
M5S0
G0X0Y8
 S0
M3
G1X0.5 S329
G1X1 S329
G1X1.5 S329
G1X2 S329
G1X2.5 S282
G1X3 S329
G1X3.5 S282
G1X4 S329
G1X4.5 S329
G1X5 S329
G1X5.5 S329
G1X6 S329
G1X6.5 S329
G1X7 S329
G1X7.5 S658
G1X8 S1035
G1X8.5 S1270
G1X9 S1458
G1X9.5 S1882
G1X10 S2964
G1X10.5 S5741
G1X11 S6776
G1X11.5 S6682
G1X12 S6964
G1X12.5 S7105
G1X13 S1458
G1X13.5 S2211
G1X14 S4000
G1X14.5 S2870
G1X15 S2823
G1X15.5 S2776
G1X16 S2541
G1X16.5 S2635
G1X17 S2635
G1X17.5 S2541
G1X18 S2588
G1X18.5 S2682
G1X19 S2541
G1X19.5 S2258
G1X20 S2211
G1X20.5 S2352
G1X21 S2541
G1X21.5 S2776
G1X22 S2023
G1X22.5 S282
G1X23 S329
G1X23.5 S282
G1X24 S329
G1X24.5 S329
G1X25 S329
G1X25.5 S329
G1X26 S329
G1X26.5 S329
G1X27 S329
G1X27.5 S470
G1X28 S1835
G1X28.5 S2211
G1X29 S1788
G1X29.5 S1741
G1X30 S1176
G1X30.5 S1129
G1X31 S1694
G1X31.5 S423
G1X32 S2729
G1X32.5 S3200
G1X33 S1223
G1X33.5 S1694
G1X34 S1647
G1X34.5 S1788
G1X35 S1647
G1X35.5 S752
G1X36 S1458
G1X36.5 S1694
G1X37 S1505
G1X37.5 S1364
G1X38 S2494
G1X38.5 S1270
G1X39 S423
G1X39.5 S1976
G1X40 S2541
G1X40.5 S1835
G1X41 S1600
G1X41.5 S752
G1X42 S894
G1X42.5 S1364
G1X43 S2070
G1X43.5 S1176
G1X44 S894
G1X44.5 S564
G1X45 S329
G1X45.5 S329
G1X46 S329
G1X46.5 S329
G1X47 S329
G1X47.5 S329
G1X48 S329
G1X48.5 S282
G1X49 S329
G1X49.5 S329
G1X50 S2635
M5S0
G0X0Y7.5
 S0
M3
G1X0.5 S329
G1X1 S329
G1X1.5 S329
G1X2 S329
G1X2.5 S329
G1X3 S329
G1X3.5 S329
G1X4 S282
G1X4.5 S282
G1X5 S329
G1X5.5 S329
G1X6 S329
G1X6.5 S282
G1X7 S329
G1X7.5 S564
G1X8 S988
G1X8.5 S1317
G1X9 S1411
G1X9.5 S1835
G1X10 S2211
G1X10.5 S2964
G1X11 S3764
G1X11.5 S3670
G1X12 S3482
G1X12.5 S3529
G1X13 S941
G1X13.5 S1364
G1X14 S2823
G1X14.5 S2870
G1X15 S2823
G1X15.5 S2917
G1X16 S2823
G1X16.5 S2729
G1X17 S2541
G1X17.5 S2635
G1X18 S2635
G1X18.5 S2541
G1X19 S2447
G1X19.5 S2400
G1X20 S2494
G1X20.5 S2447
G1X21 S2541
G1X21.5 S3011
G1X22 S2070
G1X22.5 S329
G1X23 S329
G1X23.5 S329
G1X24 S329
G1X24.5 S282
G1X25 S282
G1X25.5 S329
G1X26 S282
G1X26.5 S329
G1X27 S329
G1X27.5 S329
G1X28 S329
G1X28.5 S329
G1X29 S329
G1X29.5 S282
G1X30 S329
G1X30.5 S329
G1X31 S329
G1X31.5 S329
G1X32 S329
G1X32.5 S329
G1X33 S329
G1X33.5 S329
G1X34 S329
G1X34.5 S282
G1X35 S329
G1X35.5 S329
G1X36 S329
G1X36.5 S329
G1X37 S329
G1X37.5 S329
G1X38 S329
G1X38.5 S329
G1X39 S329
G1X39.5 S282
G1X40 S329
G1X40.5 S329
G1X41 S329
G1X41.5 S329
G1X42 S329
G1X42.5 S329
G1X43 S329
G1X43.5 S329
G1X44 S329
G1X44.5 S282
G1X45 S329
G1X45.5 S329
G1X46 S329
G1X46.5 S329
G1X47 S329
G1X47.5 S329
G1X48 S329
G1X48.5 S329
G1X49 S329
G1X49.5 S282
G1X50 S2635
M5S0
G0X0Y7
 S0
M3
G1X0.5 S329
G1X1 S282
G1X1.5 S329
G1X2 S329
G1X2.5 S329
G1X3 S329
G1X3.5 S329
G1X4 S329
G1X4.5 S282
G1X5 S329
G1X5.5 S282
G1X6 S329
G1X6.5 S329
G1X7 S329
G1X7.5 S658
G1X8 S1035
G1X8.5 S1176
G1X9 S1552
G1X9.5 S1882
G1X10 S2023
G1X10.5 S2117
G1X11 S2258
G1X11.5 S2494
G1X12 S2635
G1X12.5 S2917
G1X13 S847
G1X13.5 S1411
G1X14 S3105
G1X14.5 S3152
G1X15 S3011
G1X15.5 S2823
G1X16 S2682
G1X16.5 S2635
G1X17 S2635
G1X17.5 S2635
G1X18 S2729
G1X18.5 S2588
G1X19 S2588
G1X19.5 S2588
G1X20 S2494
G1X20.5 S2682
G1X21 S2823
G1X21.5 S3058
G1X22 S2023
G1X22.5 S329
G1X23 S329
G1X23.5 S282
G1X24 S329
G1X24.5 S282
G1X25 S329
G1X25.5 S282
G1X26 S329
G1X26.5 S329
G1X27 S329
G1X27.5 S329
G1X28 S329
G1X28.5 S329
G1X29 S329
G1X29.5 S329
G1X30 S329
G1X30.5 S282
G1X31 S282
G1X31.5 S329
G1X32 S329
G1X32.5 S329
G1X33 S329
G1X33.5 S329
G1X34 S329
G1X34.5 S329
G1X35 S329
G1X35.5 S282
G1X36 S282
G1X36.5 S329
G1X37 S329
G1X37.5 S329
G1X38 S329
G1X38.5 S329
G1X39 S329
G1X39.5 S329
G1X40 S329
G1X40.5 S282
G1X41 S282
G1X41.5 S329
G1X42 S329
G1X42.5 S329
G1X43 S329
G1X43.5 S329
G1X44 S329
G1X44.5 S329
G1X45 S329
G1X45.5 S282
G1X46 S282
G1X46.5 S329
G1X47 S329
G1X47.5 S329
G1X48 S329
G1X48.5 S329
G1X49 S329
G1X49.5 S329
G1X50 S2635
M5S0
G0X0Y6.5
 S0
M3
G1X0.5 S329
G1X1 S329
G1X1.5 S329
G1X2 S329
G1X2.5 S329
G1X3 S329
G1X3.5 S329
G1X4 S329
G1X4.5 S329
G1X5 S329
G1X5.5 S329
G1X6 S329
G1X6.5 S329
G1X7 S329
G1X7.5 S658
G1X8 S988
G1X8.5 S1176
G1X9 S1647
G1X9.5 S1882
G1X10 S1976
G1X10.5 S2117
G1X11 S2305
G1X11.5 S2305
G1X12 S2447
G1X12.5 S2870
G1X13 S800
G1X13.5 S1411
G1X14 S3058
G1X14.5 S3058
G1X15 S2870
G1X15.5 S2588
G1X16 S2494
G1X16.5 S2635
G1X17 S2776
G1X17.5 S2635
G1X18 S2494
G1X18.5 S2352
G1X19 S2588
G1X19.5 S2682
G1X20 S2823
G1X20.5 S2823
G1X21 S3058
G1X21.5 S3152
G1X22 S1929
G1X22.5 S329
G1X23 S329
G1X23.5 S282
G1X24 S329
G1X24.5 S329
G1X25 S282
G1X25.5 S329
G1X26 S329
G1X26.5 S329
G1X27 S329
G1X27.5 S329
G1X28 S329
G1X28.5 S329
G1X29 S329
G1X29.5 S329
G1X30 S282
G1X30.5 S329
G1X31 S329
G1X31.5 S329
G1X32 S329
G1X32.5 S329
G1X33 S329
G1X33.5 S329
G1X34 S329
G1X34.5 S329
G1X35 S282
G1X35.5 S329
G1X36 S329
G1X36.5 S329
G1X37 S329
G1X37.5 S329
G1X38 S329
G1X38.5 S329
G1X39 S329
G1X39.5 S329
G1X40 S282
G1X40.5 S329
G1X41 S329
G1X41.5 S329
G1X42 S329
G1X42.5 S329
G1X43 S329
G1X43.5 S329
G1X44 S329
G1X44.5 S329
G1X45 S282
G1X45.5 S329
G1X46 S329
G1X46.5 S329
G1X47 S329
G1X47.5 S329
G1X48 S329
G1X48.5 S329
G1X49 S329
G1X49.5 S329
G1X50 S2635
M5S0
G0X0Y6
 S0
M3
G1X0.5 S329
G1X1 S329
G1X1.5 S329
G1X2 S329
G1X2.5 S329
G1X3 S329
G1X3.5 S329
G1X4 S329
G1X4.5 S329
G1X5 S329
G1X5.5 S329
G1X6 S329
G1X6.5 S282
G1X7 S329
G1X7.5 S470
G1X8 S705
G1X8.5 S894
G1X9 S1458
G1X9.5 S1694
G1X10 S2070
G1X10.5 S2211
G1X11 S2352
G1X11.5 S2400
G1X12 S2541
G1X12.5 S2823
G1X13 S800
G1X13.5 S1411
G1X14 S2964
G1X14.5 S3058
G1X15 S2870
G1X15.5 S2682
G1X16 S2588
G1X16.5 S2541
G1X17 S2447
G1X17.5 S2494
G1X18 S2447
G1X18.5 S2494
G1X19 S2635
G1X19.5 S2776
G1X20 S2917
G1X20.5 S2964
G1X21 S3105
G1X21.5 S3247
G1X22 S2211
G1X22.5 S329
G1X23 S329
G1X23.5 S329
G1X24 S329
G1X24.5 S329
G1X25 S329
G1X25.5 S329
G1X26 S329
G1X26.5 S282
G1X27 S329
G1X27.5 S329
G1X28 S329
G1X28.5 S329
G1X29 S329
G1X29.5 S329
G1X30 S329
G1X30.5 S329
G1X31 S282
G1X31.5 S329
G1X32 S329
G1X32.5 S329
G1X33 S329
G1X33.5 S329
G1X34 S329
G1X34.5 S329
G1X35 S329
G1X35.5 S329
G1X36 S282
G1X36.5 S329
G1X37 S329
G1X37.5 S329
G1X38 S329
G1X38.5 S329
G1X39 S329
G1X39.5 S329
G1X40 S329
G1X40.5 S329
G1X41 S282
G1X41.5 S329
G1X42 S329
G1X42.5 S329
G1X43 S329
G1X43.5 S329
G1X44 S329
G1X44.5 S329
G1X45 S329
G1X45.5 S329
G1X46 S282
G1X46.5 S329
G1X47 S329
G1X47.5 S329
G1X48 S329
G1X48.5 S329
G1X49 S329
G1X49.5 S329
G1X50 S2635
M5S0
G0X0Y5.5
 S0
M3
G1X0.5 S329
G1X1 S329
G1X1.5 S329
G1X2 S329
G1X2.5 S282
G1X3 S329
G1X3.5 S282
G1X4 S329
G1X4.5 S329
G1X5 S329
G1X5.5 S329
G1X6 S329
G1X6.5 S329
G1X7 S329
G1X7.5 S282
G1X8 S282
G1X8.5 S282
G1X9 S329
G1X9.5 S423
G1X10 S705
G1X10.5 S1082
G1X11 S1411
G1X11.5 S1741
G1X12 S2164
G1X12.5 S2776
G1X13 S847
G1X13.5 S1411
G1X14 S2917
G1X14.5 S3011
G1X15 S3011
G1X15.5 S2917
G1X16 S2541
G1X16.5 S2400
G1X17 S2400
G1X17.5 S2494
G1X18 S2588
G1X18.5 S2776
G1X19 S2870
G1X19.5 S2823
G1X20 S2682
G1X20.5 S2917
G1X21 S3152
G1X21.5 S3623
G1X22 S2352
G1X22.5 S329
G1X23 S282
G1X23.5 S282
G1X24 S329
G1X24.5 S329
G1X25 S282
G1X25.5 S282
G1X26 S282
G1X26.5 S329
G1X27 S329
G1X27.5 S329
G1X28 S329
G1X28.5 S329
G1X29 S329
G1X29.5 S329
G1X30 S329
G1X30.5 S329
G1X31 S329
G1X31.5 S329
G1X32 S329
G1X32.5 S329
G1X33 S329
G1X33.5 S329
G1X34 S329
G1X34.5 S329
G1X35 S329
G1X35.5 S329
G1X36 S329
G1X36.5 S329
G1X37 S329
G1X37.5 S329
G1X38 S329
G1X38.5 S329
G1X39 S329
G1X39.5 S329
G1X40 S329
G1X40.5 S329
G1X41 S329
G1X41.5 S329
G1X42 S329
G1X42.5 S329
G1X43 S329
G1X43.5 S329
G1X44 S329
G1X44.5 S329
G1X45 S329
G1X45.5 S329
G1X46 S329
G1X46.5 S329
G1X47 S329
G1X47.5 S329
G1X48 S329
G1X48.5 S329
G1X49 S329
G1X49.5 S329
G1X50 S2635
M5S0
G0X0Y5
 S0
M3
G1X0.5 S329
G1X1 S329
G1X1.5 S329
G1X2 S329
G1X2.5 S329
G1X3 S329
G1X3.5 S329
G1X4 S329
G1X4.5 S329
G1X5 S329
G1X5.5 S329
G1X6 S329
G1X6.5 S329
G1X7 S329
G1X7.5 S329
G1X8 S282
G1X8.5 S282
G1X9 S282
G1X9.5 S329
G1X10 S329
G1X10.5 S329
G1X11 S329
G1X11.5 S329
G1X12 S282
G1X12.5 S800
G1X13 S423
G1X13.5 S1035
G1X14 S2070
G1X14.5 S2494
G1X15 S3011
G1X15.5 S2917
G1X16 S2776
G1X16.5 S2682
G1X17 S2729
G1X17.5 S2776
G1X18 S2917
G1X18.5 S2635
G1X19 S2776
G1X19.5 S2776
G1X20 S2776
G1X20.5 S2917
G1X21 S3341
G1X21.5 S3435
G1X22 S2164
G1X22.5 S329
G1X23 S282
G1X23.5 S329
G1X24 S282
G1X24.5 S282
G1X25 S282
G1X25.5 S282
G1X26 S329
G1X26.5 S282
G1X27 S329
G1X27.5 S329
G1X28 S329
G1X28.5 S329
G1X29 S329
G1X29.5 S282
G1X30 S329
G1X30.5 S329
G1X31 S329
G1X31.5 S329
G1X32 S329
G1X32.5 S329
G1X33 S329
G1X33.5 S329
G1X34 S329
G1X34.5 S282
G1X35 S329
G1X35.5 S329
G1X36 S329
G1X36.5 S329
G1X37 S329
G1X37.5 S329
G1X38 S329
G1X38.5 S329
G1X39 S329
G1X39.5 S282
G1X40 S329
G1X40.5 S329
G1X41 S329
G1X41.5 S329
G1X42 S329
G1X42.5 S329
G1X43 S329
G1X43.5 S329
G1X44 S329
G1X44.5 S282
G1X45 S329
G1X45.5 S329
G1X46 S329
G1X46.5 S329
G1X47 S329
G1X47.5 S329
G1X48 S329
G1X48.5 S329
G1X49 S329
G1X49.5 S282
G1X50 S2635
M5S0
G0X0Y4.5
 S0
M3
G1X0.5 S329
G1X1 S329
G1X1.5 S282
G1X2 S329
G1X2.5 S282
G1X3 S329
G1X3.5 S329
G1X4 S329
G1X4.5 S329
G1X5 S329
G1X5.5 S329
G1X6 S329
G1X6.5 S329
G1X7 S329
G1X7.5 S282
G1X8 S329
G1X8.5 S282
G1X9 S282
G1X9.5 S329
G1X10 S329
G1X10.5 S329
G1X11 S282
G1X11.5 S329
G1X12 S329
G1X12.5 S329
G1X13 S329
G1X13.5 S282
G1X14 S282
G1X14.5 S329
G1X15 S752
G1X15.5 S1129
G1X16 S1694
G1X16.5 S2117
G1X17 S2400
G1X17.5 S2729
G1X18 S2635
G1X18.5 S2917
G1X19 S2823
G1X19.5 S2729
G1X20 S2776
G1X20.5 S3011
G1X21 S3152
G1X21.5 S2964
G1X22 S1788
G1X22.5 S282
G1X23 S329
G1X23.5 S282
G1X24 S282
G1X24.5 S329
G1X25 S329
G1X25.5 S329
G1X26 S329
G1X26.5 S329
G1X27 S329
G1X27.5 S282
G1X28 S329
G1X28.5 S329
G1X29 S329
G1X29.5 S329
G1X30 S329
G1X30.5 S329
G1X31 S329
G1X31.5 S329
G1X32 S329
G1X32.5 S329
G1X33 S329
G1X33.5 S329
G1X34 S329
G1X34.5 S329
G1X35 S329
G1X35.5 S329
G1X36 S329
G1X36.5 S329
G1X37 S329
G1X37.5 S329
G1X38 S329
G1X38.5 S329
G1X39 S329
G1X39.5 S329
G1X40 S329
G1X40.5 S329
G1X41 S329
G1X41.5 S329
G1X42 S329
G1X42.5 S329
G1X43 S329
G1X43.5 S329
G1X44 S329
G1X44.5 S329
G1X45 S329
G1X45.5 S329
G1X46 S329
G1X46.5 S329
G1X47 S329
G1X47.5 S329
G1X48 S329
G1X48.5 S282
G1X49 S329
G1X49.5 S329
G1X50 S2635
M5S0
G0X0Y4
 S0
M3
G1X0.5 S329
G1X1 S329
G1X1.5 S329
G1X2 S329
G1X2.5 S282
G1X3 S329
G1X3.5 S329
G1X4 S329
G1X4.5 S329
G1X5 S329
G1X5.5 S329
G1X6 S329
G1X6.5 S329
G1X7 S329
G1X7.5 S282
G1X8 S282
G1X8.5 S282
G1X9 S329
G1X9.5 S329
G1X10 S329
G1X10.5 S329
G1X11 S329
G1X11.5 S329
G1X12 S329
G1X12.5 S329
G1X13 S282
G1X13.5 S282
G1X14 S329
G1X14.5 S329
G1X15 S329
G1X15.5 S329
G1X16 S329
G1X16.5 S329
G1X17 S282
G1X17.5 S564
G1X18 S988
G1X18.5 S1505
G1X19 S1694
G1X19.5 S2164
G1X20 S2635
G1X20.5 S3011
G1X21 S2588
G1X21.5 S2352
G1X22 S1647
G1X22.5 S1929
G1X23 S3152
G1X23.5 S1270
G1X24 S329
G1X24.5 S329
G1X25 S329
G1X25.5 S329
G1X26 S329
G1X26.5 S329
G1X27 S329
G1X27.5 S329
G1X28 S329
G1X28.5 S329
G1X29 S329
G1X29.5 S329
G1X30 S329
G1X30.5 S329
G1X31 S329
G1X31.5 S329
G1X32 S329
G1X32.5 S329
G1X33 S329
G1X33.5 S329
G1X34 S329
G1X34.5 S329
G1X35 S329
G1X35.5 S329
G1X36 S329
G1X36.5 S329
G1X37 S329
G1X37.5 S329
G1X38 S329
G1X38.5 S329
G1X39 S329
G1X39.5 S329
G1X40 S329
G1X40.5 S329
G1X41 S329
G1X41.5 S329
G1X42 S329
G1X42.5 S329
G1X43 S329
G1X43.5 S329
G1X44 S329
G1X44.5 S329
G1X45 S329
G1X45.5 S329
G1X46 S329
G1X46.5 S329
G1X47 S329
G1X47.5 S329
G1X48 S329
G1X48.5 S329
G1X49 S329
G1X49.5 S329
G1X50 S2635
M5S0
G0X0Y3.5
 S0
M3
G1X0.5 S329
G1X1 S329
G1X1.5 S329
G1X2 S329
G1X2.5 S282
G1X3 S329
G1X3.5 S329
G1X4 S329
G1X4.5 S329
G1X5 S329
G1X5.5 S329
G1X6 S329
G1X6.5 S329
G1X7 S329
G1X7.5 S282
G1X8 S282
G1X8.5 S282
G1X9 S282
G1X9.5 S329
G1X10 S329
G1X10.5 S329
G1X11 S329
G1X11.5 S329
G1X12 S329
G1X12.5 S329
G1X13 S282
G1X13.5 S282
G1X14 S282
G1X14.5 S329
G1X15 S282
G1X15.5 S282
G1X16 S329
G1X16.5 S329
G1X17 S329
G1X17.5 S282
G1X18 S282
G1X18.5 S282
G1X19 S282
G1X19.5 S329
G1X20 S517
G1X20.5 S752
G1X21 S1082
G1X21.5 S1364
G1X22 S988
G1X22.5 S1552
G1X23 S4047
G1X23.5 S1505
G1X24 S282
G1X24.5 S329
G1X25 S282
G1X25.5 S282
G1X26 S329
G1X26.5 S329
G1X27 S329
G1X27.5 S282
G1X28 S329
G1X28.5 S329
G1X29 S329
G1X29.5 S282
G1X30 S329
G1X30.5 S329
G1X31 S329
G1X31.5 S329
G1X32 S329
G1X32.5 S282
G1X33 S329
G1X33.5 S329
G1X34 S329
G1X34.5 S282
G1X35 S329
G1X35.5 S329
G1X36 S329
G1X36.5 S329
G1X37 S329
G1X37.5 S282
G1X38 S329
G1X38.5 S329
G1X39 S329
G1X39.5 S282
G1X40 S329
G1X40.5 S329
G1X41 S329
G1X41.5 S329
G1X42 S329
G1X42.5 S282
G1X43 S329
G1X43.5 S329
G1X44 S329
G1X44.5 S282
G1X45 S329
G1X45.5 S329
G1X46 S329
G1X46.5 S329
G1X47 S329
G1X47.5 S282
G1X48 S329
G1X48.5 S329
G1X49 S329
G1X49.5 S282
G1X50 S2635
M5S0
G0X0Y3
 S0
M3
G1X0.5 S329
G1X1 S329
G1X1.5 S329
G1X2 S329
G1X2.5 S282
G1X3 S329
G1X3.5 S282
G1X4 S282
G1X4.5 S329
G1X5 S329
G1X5.5 S329
G1X6 S329
G1X6.5 S282
G1X7 S329
G1X7.5 S282
G1X8 S282
G1X8.5 S282
G1X9 S329
G1X9.5 S329
G1X10 S329
G1X10.5 S329
G1X11 S329
G1X11.5 S329
G1X12 S282
G1X12.5 S282
G1X13 S282
G1X13.5 S282
G1X14 S329
G1X14.5 S329
G1X15 S329
G1X15.5 S329
G1X16 S329
G1X16.5 S329
G1X17 S282
G1X17.5 S282
G1X18 S329
G1X18.5 S282
G1X19 S329
G1X19.5 S329
G1X20 S329
G1X20.5 S329
G1X21 S329
G1X21.5 S329
G1X22 S282
G1X22.5 S282
G1X23 S329
G1X23.5 S282
G1X24 S329
G1X24.5 S329
G1X25 S329
G1X25.5 S329
G1X26 S329
G1X26.5 S329
G1X27 S329
G1X27.5 S282
G1X28 S329
G1X28.5 S329
G1X29 S329
G1X29.5 S329
G1X30 S329
G1X30.5 S329
G1X31 S329
G1X31.5 S329
G1X32 S329
G1X32.5 S329
G1X33 S329
G1X33.5 S329
G1X34 S329
G1X34.5 S329
G1X35 S329
G1X35.5 S329
G1X36 S329
G1X36.5 S329
G1X37 S329
G1X37.5 S329
G1X38 S329
G1X38.5 S329
G1X39 S329
G1X39.5 S329
G1X40 S329
G1X40.5 S329
G1X41 S329
G1X41.5 S329
G1X42 S329
G1X42.5 S329
G1X43 S329
G1X43.5 S329
G1X44 S329
G1X44.5 S329
G1X45 S329
G1X45.5 S329
G1X46 S329
G1X46.5 S329
G1X47 S329
G1X47.5 S329
G1X48 S329
G1X48.5 S282
G1X49 S329
G1X49.5 S329
G1X50 S2635
M5S0
G0X0Y2.5
 S0
M3
G1X0.5 S329
G1X1 S329
G1X1.5 S329
G1X2 S329
G1X2.5 S329
G1X3 S329
G1X3.5 S329
G1X4 S282
G1X4.5 S282
G1X5 S329
G1X5.5 S329
G1X6 S329
G1X6.5 S282
G1X7 S329
G1X7.5 S329
G1X8 S329
G1X8.5 S329
G1X9 S329
G1X9.5 S282
G1X10 S282
G1X10.5 S282
G1X11 S282
G1X11.5 S329
G1X12 S329
G1X12.5 S329
G1X13 S329
G1X13.5 S329
G1X14 S329
G1X14.5 S282
G1X15 S282
G1X15.5 S329
G1X16 S282
G1X16.5 S329
G1X17 S329
G1X17.5 S329
G1X18 S329
G1X18.5 S329
G1X19 S329
G1X19.5 S282
G1X20 S282
G1X20.5 S329
G1X21 S282
G1X21.5 S329
G1X22 S329
G1X22.5 S329
G1X23 S329
G1X23.5 S329
G1X24 S329
G1X24.5 S282
G1X25 S282
G1X25.5 S329
G1X26 S282
G1X26.5 S329
G1X27 S329
G1X27.5 S329
G1X28 S329
G1X28.5 S329
G1X29 S329
G1X29.5 S282
G1X30 S329
G1X30.5 S329
G1X31 S329
G1X31.5 S329
G1X32 S329
G1X32.5 S329
G1X33 S329
G1X33.5 S329
G1X34 S329
G1X34.5 S282
G1X35 S329
G1X35.5 S329
G1X36 S329
G1X36.5 S329
G1X37 S329
G1X37.5 S329
G1X38 S329
G1X38.5 S329
G1X39 S329
G1X39.5 S282
G1X40 S329
G1X40.5 S329
G1X41 S329
G1X41.5 S329
G1X42 S329
G1X42.5 S329
G1X43 S329
G1X43.5 S329
G1X44 S329
G1X44.5 S282
G1X45 S329
G1X45.5 S329
G1X46 S329
G1X46.5 S329
G1X47 S329
G1X47.5 S329
G1X48 S329
G1X48.5 S329
G1X49 S329
G1X49.5 S282
G1X50 S2635
M5S0
G0X0Y2
 S0
M3
G1X0.5 S329
G1X1 S282
G1X1.5 S329
G1X2 S329
G1X2.5 S329
G1X3 S329
G1X3.5 S329
G1X4 S329
G1X4.5 S282
G1X5 S329
G1X5.5 S282
G1X6 S329
G1X6.5 S329
G1X7 S329
G1X7.5 S329
G1X8 S329
G1X8.5 S329
G1X9 S329
G1X9.5 S282
G1X10 S282
G1X10.5 S282
G1X11 S329
G1X11.5 S329
G1X12 S329
G1X12.5 S329
G1X13 S329
G1X13.5 S329
G1X14 S329
G1X14.5 S282
G1X15 S329
G1X15.5 S282
G1X16 S329
G1X16.5 S329
G1X17 S282
G1X17.5 S329
G1X18 S329
G1X18.5 S282
G1X19 S329
G1X19.5 S282
G1X20 S329
G1X20.5 S282
G1X21 S329
G1X21.5 S329
G1X22 S282
G1X22.5 S329
G1X23 S329
G1X23.5 S282
G1X24 S329
G1X24.5 S282
G1X25 S329
G1X25.5 S282
G1X26 S329
G1X26.5 S329
G1X27 S329
G1X27.5 S329
G1X28 S329
G1X28.5 S329
G1X29 S329
G1X29.5 S329
G1X30 S329
G1X30.5 S282
G1X31 S282
G1X31.5 S329
G1X32 S329
G1X32.5 S329
G1X33 S329
G1X33.5 S329
G1X34 S329
G1X34.5 S329
G1X35 S329
G1X35.5 S282
G1X36 S282
G1X36.5 S329
G1X37 S329
G1X37.5 S329
G1X38 S329
G1X38.5 S329
G1X39 S329
G1X39.5 S329
G1X40 S329
G1X40.5 S282
G1X41 S282
G1X41.5 S329
G1X42 S329
G1X42.5 S329
G1X43 S329
G1X43.5 S329
G1X44 S329
G1X44.5 S329
G1X45 S329
G1X45.5 S282
G1X46 S282
G1X46.5 S329
G1X47 S329
G1X47.5 S329
G1X48 S329
G1X48.5 S329
G1X49 S329
G1X49.5 S329
G1X50 S2635
M5S0
G0X0Y1.5
 S0
M3
G1X0.5 S329
G1X1 S329
G1X1.5 S329
G1X2 S329
G1X2.5 S329
G1X3 S329
G1X3.5 S329
G1X4 S329
G1X4.5 S329
G1X5 S329
G1X5.5 S329
G1X6 S329
G1X6.5 S329
G1X7 S329
G1X7.5 S329
G1X8 S329
G1X8.5 S329
G1X9 S329
G1X9.5 S282
G1X10 S329
G1X10.5 S282
G1X11 S329
G1X11.5 S329
G1X12 S329
G1X12.5 S329
G1X13 S329
G1X13.5 S329
G1X14 S329
G1X14.5 S329
G1X15 S282
G1X15.5 S329
G1X16 S329
G1X16.5 S329
G1X17 S282
G1X17.5 S329
G1X18 S329
G1X18.5 S282
G1X19 S329
G1X19.5 S329
G1X20 S282
G1X20.5 S329
G1X21 S329
G1X21.5 S329
G1X22 S282
G1X22.5 S329
G1X23 S329
G1X23.5 S282
G1X24 S329
G1X24.5 S329
G1X25 S282
G1X25.5 S329
G1X26 S329
G1X26.5 S329
G1X27 S329
G1X27.5 S329
G1X28 S329
G1X28.5 S329
G1X29 S329
G1X29.5 S329
G1X30 S282
G1X30.5 S329
G1X31 S329
G1X31.5 S329
G1X32 S329
G1X32.5 S329
G1X33 S329
G1X33.5 S329
G1X34 S329
G1X34.5 S329
G1X35 S282
G1X35.5 S329
G1X36 S329
G1X36.5 S329
G1X37 S329
G1X37.5 S329
G1X38 S329
G1X38.5 S329
G1X39 S329
G1X39.5 S329
G1X40 S282
G1X40.5 S329
G1X41 S329
G1X41.5 S329
G1X42 S329
G1X42.5 S329
G1X43 S329
G1X43.5 S329
G1X44 S329
G1X44.5 S329
G1X45 S282
G1X45.5 S329
G1X46 S329
G1X46.5 S329
G1X47 S329
G1X47.5 S329
G1X48 S329
G1X48.5 S329
G1X49 S329
G1X49.5 S329
G1X50 S2635
M5S0
G0X0Y1
 S0
M3
G1X0.5 S329
G1X1 S329
G1X1.5 S329
G1X2 S329
G1X2.5 S329
G1X3 S329
G1X3.5 S329
G1X4 S329
G1X4.5 S329
G1X5 S329
G1X5.5 S329
G1X6 S329
G1X6.5 S282
G1X7 S329
G1X7.5 S329
G1X8 S329
G1X8.5 S282
G1X9 S329
G1X9.5 S329
G1X10 S282
G1X10.5 S282
G1X11 S282
G1X11.5 S282
G1X12 S329
G1X12.5 S329
G1X13 S329
G1X13.5 S282
G1X14 S329
G1X14.5 S329
G1X15 S329
G1X15.5 S329
G1X16 S329
G1X16.5 S282
G1X17 S329
G1X17.5 S329
G1X18 S329
G1X18.5 S329
G1X19 S329
G1X19.5 S329
G1X20 S329
G1X20.5 S329
G1X21 S329
G1X21.5 S282
G1X22 S329
G1X22.5 S329
G1X23 S329
G1X23.5 S329
G1X24 S329
G1X24.5 S329
G1X25 S329
G1X25.5 S329
G1X26 S329
G1X26.5 S282
G1X27 S329
G1X27.5 S329
G1X28 S329
G1X28.5 S329
G1X29 S329
G1X29.5 S329
G1X30 S329
G1X30.5 S329
G1X31 S282
G1X31.5 S329
G1X32 S329
G1X32.5 S329
G1X33 S329
G1X33.5 S329
G1X34 S329
G1X34.5 S329
G1X35 S329
G1X35.5 S329
G1X36 S282
G1X36.5 S329
G1X37 S329
G1X37.5 S329
G1X38 S329
G1X38.5 S329
G1X39 S329
G1X39.5 S329
G1X40 S329
G1X40.5 S329
G1X41 S282
G1X41.5 S329
G1X42 S329
G1X42.5 S329
G1X43 S329
G1X43.5 S329
G1X44 S329
G1X44.5 S329
G1X45 S329
G1X45.5 S329
G1X46 S282
G1X46.5 S329
G1X47 S329
G1X47.5 S329
G1X48 S329
G1X48.5 S329
G1X49 S329
G1X49.5 S329
G1X50 S2635
M5S0
G0X0Y0.5
 S0
M3
G1X0.5 S329
G1X1 S329
G1X1.5 S329
G1X2 S329
G1X2.5 S282
G1X3 S329
G1X3.5 S282
G1X4 S329
G1X4.5 S329
G1X5 S329
G1X5.5 S329
G1X6 S329
G1X6.5 S329
G1X7 S329
G1X7.5 S282
G1X8 S282
G1X8.5 S282
G1X9 S329
G1X9.5 S329
G1X10 S329
G1X10.5 S329
G1X11 S329
G1X11.5 S329
G1X12 S282
G1X12.5 S282
G1X13 S282
G1X13.5 S282
G1X14 S329
G1X14.5 S282
G1X15 S282
G1X15.5 S282
G1X16 S282
G1X16.5 S329
G1X17 S282
G1X17.5 S329
G1X18 S282
G1X18.5 S282
G1X19 S329
G1X19.5 S282
G1X20 S282
G1X20.5 S282
G1X21 S282
G1X21.5 S329
G1X22 S282
G1X22.5 S329
G1X23 S282
G1X23.5 S282
G1X24 S329
G1X24.5 S329
G1X25 S282
G1X25.5 S282
G1X26 S282
G1X26.5 S329
G1X27 S329
G1X27.5 S329
G1X28 S329
G1X28.5 S329
G1X29 S329
G1X29.5 S329
G1X30 S329
G1X30.5 S329
G1X31 S329
G1X31.5 S329
G1X32 S329
G1X32.5 S329
G1X33 S329
G1X33.5 S329
G1X34 S329
G1X34.5 S329
G1X35 S329
G1X35.5 S329
G1X36 S329
G1X36.5 S329
G1X37 S329
G1X37.5 S329
G1X38 S329
G1X38.5 S329
G1X39 S329
G1X39.5 S329
G1X40 S329
G1X40.5 S329
G1X41 S329
G1X41.5 S329
G1X42 S329
G1X42.5 S329
G1X43 S329
G1X43.5 S329
G1X44 S329
G1X44.5 S329
G1X45 S329
G1X45.5 S329
G1X46 S329
G1X46.5 S329
G1X47 S329
G1X47.5 S329
G1X48 S329
G1X48.5 S329
G1X49 S329
G1X49.5 S329
G1X50 S2635
M5S0
G53X-1Y-1
G92.1
